<?xml version="1.0" encoding="UTF-8"?>
<testsuite xmlns:xsi="http://www.w3.org/2001/XMLSchema-instance" xsi:noNamespaceSchemaLocation="https://maven.apache.org/surefire/maven-surefire-plugin/xsd/surefire-test-report.xsd" name="com.excilys.formation.cdb.mapper.MapperComputerTest" time="0.018" tests="24" errors="0" skipped="0" failures="0">
  <properties>
[...]
</properties>
  <testcase name="testTableauStringToLocalDateNull" classname="com.excilys.formation.cdb.mapper.MapperComputerTest" time="0.002"/>
  <testcase name="testTableauStringToLocalDateTrop" classname="com.excilys.formation.cdb.mapper.MapperComputerTest" time="0.003"/>
  <testcase name="testTableauStringToLocalDateTrue" classname="com.excilys.formation.cdb.mapper.MapperComputerTest" time="0"/>
  <testcase name="testStringToComputerAvecIdNull" classname="com.excilys.formation.cdb.mapper.MapperComputerTest" time="0.001"/>
  <testcase name="testStringToComputerAvecIdTrue" classname="com.excilys.formation.cdb.mapper.MapperComputerTest" time="0.001"/>
  <testcase name="testTableauStringToLocalDateLimite" classname="com.excilys.formation.cdb.mapper.MapperComputerTest" time="0.001"/>
  <testcase name="testStringToComputerNull" classname="com.excilys.formation.cdb.mapper.MapperComputerTest" time="0.001"/>
  <testcase name="testStringToComputer" classname="com.excilys.formation.cdb.mapper.MapperComputerTest" time="0.002"/>
  <testcase name="testStringToComputerAvecIdLimite" classname="com.excilys.formation.cdb.mapper.MapperComputerTest" time="0"/>
  <testcase name="testChangerDateStringToIntNull" classname="com.excilys.formation.cdb.mapper.MapperComputerTest" time="0"/>
  <testcase name="testChangerDateStringToIntTrop" classname="com.excilys.formation.cdb.mapper.MapperComputerTest" time="0.001"/>
  <testcase name="testChangerDateStringToIntTrue" classname="com.excilys.formation.cdb.mapper.MapperComputerTest" time="0"/>
  <testcase name="testTableauStringToLocalDateLettres" classname="com.excilys.formation.cdb.mapper.MapperComputerTest" time="0"/>
  <testcase name="testDateStringToLocalDateNull" classname="com.excilys.formation.cdb.mapper.MapperComputerTest" time="0.001"/>
  <testcase name="testDateStringToLocalDateTrop" classname="com.excilys.formation.cdb.mapper.MapperComputerTest" time="0.002"/>
  <testcase name="testDateStringToLocalDateTrue" classname="com.excilys.formation.cdb.mapper.MapperComputerTest" time="0"/>
  <testcase name="testDoublerAntislashNull" classname="com.excilys.formation.cdb.mapper.MapperComputerTest" time="0"/>
  <testcase name="testDoublerAntislashTrue" classname="com.excilys.formation.cdb.mapper.MapperComputerTest" time="0"/>
  <testcase name="testDoublerAntislashVide" classname="com.excilys.formation.cdb.mapper.MapperComputerTest" time="0"/>
  <testcase name="testDateStringToLocalDateLimite" classname="com.excilys.formation.cdb.mapper.MapperComputerTest" time="0"/>
  <testcase name="testDataToComputerTrue" classname="com.excilys.formation.cdb.mapper.MapperComputerTest" time="0"/>
  <testcase name="testDateStringToLocalDateLettres" classname="com.excilys.formation.cdb.mapper.MapperComputerTest" time="0"/>
  <testcase name="testStringToComputerLimite" classname="com.excilys.formation.cdb.mapper.MapperComputerTest" time="0.001"/>
  <testcase name="testChangerDateStringToIntLettres" classname="com.excilys.formation.cdb.mapper.MapperComputerTest" time="0"/>
</testsuite>